SF:lib\auth\bloc\auth_state.dart
DA:4,6
DA:9,6
DA:11,3
DA:12,2
DA:14,5
DA:15,1
DA:20,2
DA:21,6
LF:8
LH:8
end_of_record
SF:lib\auth\bloc\authentication_bloc.dart
DA:12,1
DA:17,1
DA:18,2
DA:19,2
DA:20,4
DA:21,3
DA:29,1
DA:31,2
DA:32,2
DA:33,1
DA:36,1
DA:40,1
DA:41,1
DA:42,1
DA:43,1
DA:44,1
DA:45,1
DA:46,1
DA:49,1
DA:53,1
DA:57,2
DA:60,1
DA:62,2
LF:23
LH:23
end_of_record
SF:lib\auth\bloc\auth_event.dart
DA:4,3
DA:6,1
DA:7,1
DA:11,3
DA:15,1
DA:16,2
LF:6
LH:6
end_of_record
SF:lib\login\bloc\login_event.dart
DA:4,11
DA:6,1
DA:7,1
DA:11,4
DA:15,2
DA:16,4
DA:20,4
DA:24,2
DA:25,4
DA:29,10
LF:10
LH:10
end_of_record
SF:lib\login\bloc\login_state.dart
DA:4,11
DA:14,2
DA:19,2
DA:20,1
DA:21,2
DA:22,2
DA:26,2
DA:27,8
LF:8
LH:8
end_of_record
SF:lib\login\bloc\login_bloc.dart
DA:11,2
DA:14,2
DA:15,4
DA:16,4
DA:17,4
DA:22,1
DA:26,2
DA:27,3
DA:29,4
DA:33,1
DA:37,2
DA:38,3
DA:40,4
DA:44,1
DA:48,3
DA:49,3
DA:51,2
DA:52,3
DA:53,3
DA:55,3
DA:57,3
LF:21
LH:21
end_of_record
SF:lib\login\models\password.dart
DA:6,9
DA:7,6
DA:9,2
DA:11,4
LF:4
LH:4
end_of_record
SF:lib\login\models\username.dart
DA:6,9
DA:7,6
DA:9,2
DA:11,4
LF:4
LH:4
end_of_record
SF:lib\login\view\login_form.dart
DA:8,8
DA:10,2
DA:12,2
DA:13,1
DA:14,2
DA:15,1
DA:16,1
DA:17,1
DA:22,2
DA:24,2
DA:26,2
DA:27,2
DA:29,2
DA:31,2
DA:34,2
DA:35,2
DA:36,2
DA:40,2
DA:42,2
DA:51,2
DA:53,2
DA:54,4
DA:55,2
DA:56,2
DA:59,2
DA:61,1
DA:62,3
DA:63,2
DA:64,2
DA:65,2
DA:68,4
DA:77,2
DA:79,2
DA:80,4
DA:81,2
DA:82,2
DA:85,2
DA:87,1
DA:88,3
DA:90,2
DA:91,2
DA:93,0
DA:94,2
DA:96,2
DA:97,2
DA:100,4
DA:109,2
DA:111,2
DA:113,2
DA:114,2
DA:115,2
DA:117,0
DA:124,2
DA:126,2
DA:128,2
DA:129,2
DA:130,2
DA:132,0
DA:139,2
DA:141,2
DA:142,4
DA:143,2
DA:144,4
DA:146,2
DA:147,2
DA:148,4
DA:149,2
DA:150,2
DA:154,2
DA:155,2
DA:158,2
DA:160,2
DA:165,4
DA:166,1
DA:167,2
DA:177,2
DA:179,2
DA:180,2
DA:181,2
DA:182,2
DA:183,4
DA:184,2
DA:185,2
DA:187,2
DA:189,2
DA:190,2
DA:192,2
DA:197,0
LF:88
LH:84
end_of_record
SF:lib\login\view\login_page.dart
DA:9,15
DA:11,1
DA:12,1
DA:15,1
DA:17,1
DA:18,1
DA:20,1
DA:21,1
DA:25,1
DA:26,1
DA:28,1
DA:30,1
DA:31,1
DA:33,0
DA:34,0
DA:36,0
DA:39,1
DA:41,1
DA:44,1
DA:49,1
DA:51,1
DA:52,1
DA:53,1
DA:55,1
LF:24
LH:21
end_of_record
SF:lib\signup\bloc\signup_event.dart
DA:4,7
DA:6,0
DA:7,0
DA:11,0
DA:15,0
DA:16,0
DA:20,0
DA:24,0
DA:25,0
DA:29,0
DA:33,0
DA:34,0
DA:38,7
LF:13
LH:2
end_of_record
SF:lib\signup\bloc\signup_state.dart
DA:4,7
DA:16,0
DA:22,0
DA:23,0
DA:24,0
DA:25,0
DA:26,0
DA:30,0
DA:31,0
LF:9
LH:1
end_of_record
SF:lib\signup\bloc\signup_bloc.dart
DA:11,0
DA:14,0
DA:15,0
DA:16,0
DA:17,0
DA:18,0
DA:23,0
DA:27,0
DA:28,0
DA:30,0
DA:34,0
DA:38,0
DA:39,0
DA:41,0
DA:45,0
DA:49,0
DA:50,0
DA:52,0
DA:56,0
DA:60,0
DA:61,0
DA:63,0
DA:64,0
DA:65,0
DA:66,0
DA:68,0
DA:70,0
LF:27
LH:0
end_of_record
SF:lib\signup\models\email.dart
DA:6,7
DA:7,0
DA:9,0
DA:13,0
DA:15,0
DA:18,0
LF:6
LH:1
end_of_record
SF:lib\signup\models\password.dart
DA:6,7
DA:7,0
DA:9,0
DA:11,0
DA:13,0
DA:16,0
DA:23,0
DA:25,0
LF:8
LH:1
end_of_record
SF:lib\signup\models\username.dart
DA:6,7
DA:7,0
DA:9,0
DA:11,0
LF:4
LH:1
end_of_record
SF:lib\signup\view\signup_form.dart
DA:8,7
DA:10,0
DA:12,0
DA:13,0
DA:14,0
DA:15,0
DA:16,0
DA:17,0
DA:22,0
DA:24,0
DA:26,0
DA:27,0
DA:29,0
DA:31,0
DA:33,0
DA:35,0
DA:38,0
DA:39,0
DA:40,0
DA:44,0
DA:53,0
DA:55,0
DA:56,0
DA:57,0
DA:58,0
DA:61,0
DA:63,0
DA:64,0
DA:65,0
DA:66,0
DA:68,0
DA:70,0
DA:79,0
DA:81,0
DA:82,0
DA:83,0
DA:84,0
DA:87,0
DA:89,0
DA:90,0
DA:91,0
DA:93,0
DA:95,0
DA:104,0
DA:106,0
DA:107,0
DA:108,0
DA:109,0
DA:112,0
DA:114,0
DA:115,0
DA:116,0
DA:118,0
DA:119,0
DA:121,0
DA:122,0
DA:125,0
DA:127,0
DA:136,0
DA:138,0
DA:139,0
DA:140,0
DA:141,0
DA:144,0
DA:146,0
DA:147,0
DA:148,0
DA:150,0
DA:151,0
DA:153,0
DA:154,0
DA:157,0
DA:159,0
DA:168,0
DA:170,0
DA:172,0
DA:173,0
DA:174,0
DA:176,0
DA:183,0
DA:185,0
DA:187,0
DA:188,0
DA:189,0
DA:191,0
DA:198,0
DA:200,0
DA:201,0
DA:202,0
DA:203,0
DA:205,0
DA:206,0
DA:207,0
DA:208,0
DA:209,0
DA:213,0
DA:214,0
DA:217,0
DA:219,0
DA:224,0
DA:225,0
DA:226,0
LF:102
LH:1
end_of_record
SF:lib\signup\view\signup_page.dart
DA:9,14
DA:11,0
DA:12,0
DA:15,0
DA:17,0
DA:18,0
DA:20,0
DA:21,0
DA:25,0
DA:26,0
DA:28,0
DA:30,0
DA:31,0
DA:33,0
DA:34,0
DA:36,0
DA:39,0
DA:41,0
DA:44,0
DA:49,0
DA:51,0
DA:52,0
DA:53,0
DA:55,0
LF:24
LH:1
end_of_record
